2026-02-26 23:21:17  ═══════════════════════════════════════
2026-02-26 23:21:17    TCX Watcher arrancado
2026-02-26 23:21:17    Carpeta : C:\Users\joseb\Desktop\Codigo\Entrenamientos\Archivos
2026-02-26 23:21:17    Intervalo: 5s  |  Log: tcx_tracker.log
2026-02-26 23:21:17    (Ctrl+C para detener)
2026-02-26 23:21:17  ═══════════════════════════════════════
2026-02-26 23:21:17  [INICIO] 7 archivo(s) encontrado(s), 7 nuevo(s) sin importar.
2026-02-26 23:21:35  
[STOP] Watcher detenido.
2026-02-27 11:50:42  ═══════════════════════════════════════
2026-02-27 11:50:42    TCX Watcher arrancado
2026-02-27 11:50:42    Carpeta : C:\Users\Joseba\Desktop\Repos\TCX-TRACKER\Archivos
2026-02-27 11:50:42    Intervalo: 5s  |  Log: tcx_tracker.log
2026-02-27 11:50:42    (Ctrl+C para detener)
2026-02-27 11:50:42  ═══════════════════════════════════════
2026-02-27 11:50:42  [INICIO] 8 archivo(s) encontrado(s), 1 nuevo(s) sin importar.
2026-02-27 11:50:54  
[STOP] Watcher detenido.
2026-02-27 12:16:16  ═══════════════════════════════════════
2026-02-27 12:16:16    TCX Watcher arrancado
2026-02-27 12:16:16    Carpeta : C:\Users\Joseba\Desktop\Repos\TCX-TRACKER\Archivos
2026-02-27 12:16:16    Intervalo: 5s  |  Log: tcx_tracker.log
2026-02-27 12:16:16    (Ctrl+C para detener)
2026-02-27 12:16:16  ═══════════════════════════════════════
2026-02-27 12:16:16  [INICIO] 7 archivo(s) encontrado(s), 0 nuevo(s) sin importar.
2026-02-27 12:16:31  [NUEVO] 1 archivo(s) detectado(s):
2026-02-27 12:16:35  
[STOP] Watcher detenido.
